<?xml version="1.0" encoding="UTF-8"?>
<!-- Generated by org.testng.reporters.JUnitReportReporter -->
<testsuite hostname="LAPTOP-22R4V3MJ" failures="0" tests="4" name="streams_tutorial.ex2_stream_map" time="0.033" errors="0" timestamp="2024-05-22T15:28:22 IST" skipped="0">
  <testcase classname="streams_tutorial.ex2_stream_map" name="regular3" time="0.008"/>
  <testcase classname="streams_tutorial.ex2_stream_map" name="regular" time="0.010"/>
  <testcase classname="streams_tutorial.ex2_stream_map" name="regular1" time="0.011"/>
  <testcase classname="streams_tutorial.ex2_stream_map" name="regular4" time="0.004"/>
</testsuite> <!-- streams_tutorial.ex2_stream_map -->
