<?xml version="1.0" encoding="UTF-8"?>
<!-- Generated by org.testng.reporters.JUnitReportReporter -->
<testsuite hostname="LAPTOP-22R4V3MJ" failures="0" tests="3" name="testng_practice.Ex1_testng_basics4" time="0.014" errors="0" timestamp="2024-04-30T18:57:37 IST" skipped="0">
  <testcase classname="testng_practice.Ex1_testng_basics4" name="mobileLoginHomeLoan" time="0.011"/>
  <testcase classname="testng_practice.Ex1_testng_basics4" name="webloginHomeLoan" time="0.002"/>
  <testcase classname="testng_practice.Ex1_testng_basics4" name="loginAPIhomeLoan" time="0.001"/>
</testsuite> <!-- testng_practice.Ex1_testng_basics4 -->
