<?xml version="1.0" encoding="UTF-8"?>
<!-- Generated by org.testng.reporters.JUnitReportReporter -->
<testsuite hostname="LAPTOP-22R4V3MJ" failures="0" tests="1" name="streams_tutorial.ex1_StreamFilter" time="0.014" errors="0" timestamp="2024-05-14T22:17:15 IST" skipped="0">
  <testcase classname="streams_tutorial.ex1_StreamFilter" name="streamsFilter" time="0.014"/>
</testsuite> <!-- streams_tutorial.ex1_StreamFilter -->
