<?xml version="1.0" encoding="UTF-8"?>
<!-- Generated by org.testng.reporters.JUnitReportReporter -->
<testsuite hostname="LAPTOP-22R4V3MJ" failures="0" tests="7" name="testng_practice.Ex1_testng_basics3" time="0.021" errors="0" timestamp="2024-05-01T14:40:31 IST" skipped="1">
  <testcase classname="testng_practice.Ex1_testng_basics3" name="mobileLoginSigninCarLoan" time="0.010"/>
  <testcase classname="testng_practice.Ex1_testng_basics3" name="mobileLoginSignoutCarLoan" time="0.004"/>
  <testcase classname="testng_practice.Ex1_testng_basics3" name="loginAPICarLoan" time="0.002"/>
  <testcase classname="testng_practice.Ex1_testng_basics3" name="mobileLoginSignoutCarLoan" time="0.001"/>
  <testcase classname="testng_practice.Ex1_testng_basics3" name="mobileLoginSignoutCarLoan" time="0.003"/>
  <testcase classname="testng_practice.Ex1_testng_basics3" name="webloginCarLoan" time="0.001"/>
  <testcase classname="testng_practice.Ex1_testng_basics3" name="mobileLoginCarLoan">
    <skipped/>
  </testcase> <!-- mobileLoginCarLoan -->
</testsuite> <!-- testng_practice.Ex1_testng_basics3 -->
