<?xml version="1.0" encoding="UTF-8"?>
<!-- Generated by org.testng.reporters.JUnitReportReporter -->
<testsuite hostname="LAPTOP-22R4V3MJ" failures="0" tests="1" name="streams_tutorial.Example1" time="0.010" errors="0" timestamp="2024-05-14T19:31:58 IST" skipped="0">
  <testcase classname="streams_tutorial.Example1" name="streamsFilter" time="0.010"/>
</testsuite> <!-- streams_tutorial.Example1 -->
