<?xml version="1.0" encoding="UTF-8"?>
<!-- Generated by org.testng.reporters.JUnitReportReporter -->
<testsuite hostname="LAPTOP-22R4V3MJ" failures="0" tests="2" name="Oops.Ps1" time="0.026" errors="0" timestamp="2024-05-09T17:03:41 IST" skipped="0">
  <testcase classname="Oops.Ps1" name="doThis" time="0.012"/>
  <testcase classname="Oops.Ps1" name="testRun" time="0.014"/>
</testsuite> <!-- Oops.Ps1 -->
