<?xml version="1.0" encoding="UTF-8"?>
<!-- Generated by org.testng.reporters.JUnitReportReporter -->
<testsuite hostname="LAPTOP-22R4V3MJ" failures="0" tests="1" name="Oops.Ps" time="0.020" errors="0" timestamp="2024-05-09T16:16:15 IST" skipped="0">
  <testcase classname="Oops.Ps" name="doThis" time="0.020"/>
</testsuite> <!-- Oops.Ps -->
